<?xml version="1.0" encoding="UTF-8"?>
<!-- Generated by org.testng.reporters.JUnitReportReporter -->
<testsuite hostname="LAPTOP-477EAM08" failures="0" tests="1" name="com.bhiawpkg.Tests.LoginTest" time="18.490" errors="0" timestamp="06 Dec 2022 04:58:52 GMT" skipped="0">
  <testcase classname="com.bhiawpkg.Tests.LoginTest" name="Login" time="18.490"/>
</testsuite> <!-- com.bhiawpkg.Tests.LoginTest -->
