<?xml version="1.0" encoding="UTF-8"?>
<!-- Generated by org.testng.reporters.JUnitReportReporter -->
<testsuite hostname="LAPTOP-477EAM08" failures="0" tests="1" name="com.bhiawpkg.Tests.DependentTaskTest" time="238.074" errors="0" timestamp="15 Nov 2022 10:39:35 GMT" skipped="0">
  <testcase classname="com.bhiawpkg.Tests.DependentTaskTest" name="DependentTask" time="238.074"/>
</testsuite> <!-- com.bhiawpkg.Tests.DependentTaskTest -->
