<?xml version="1.0" encoding="UTF-8"?>
<!-- Generated by org.testng.reporters.JUnitReportReporter -->
<testsuite hostname="LAPTOP-477EAM08" failures="0" tests="1" name="com.bhiawpkg.Tests.Projectcreationclone_Editpjt" time="73.069" errors="0" timestamp="24 Nov 2021 12:13:02 GMT" skipped="0">
  <testcase classname="com.bhiawpkg.Tests.Projectcreationclone_Editpjt" name="ProjectCreation_cloneEdit" time="73.069"/>
</testsuite> <!-- com.bhiawpkg.Tests.Projectcreationclone_Editpjt -->
