<?xml version="1.0" encoding="UTF-8"?>
<!-- Generated by org.testng.reporters.JUnitReportReporter -->
<testsuite hostname="LAPTOP-477EAM08" failures="0" tests="1" name="com.bhiawpkg.Tests.ExpiredExternalWPRTest" time="61.619" errors="0" timestamp="10 Jul 2023 07:29:49 GMT" skipped="0">
  <testcase classname="com.bhiawpkg.Tests.ExpiredExternalWPRTest" name="ExpiredTask_AddDailyworkprogress" time="61.619"/>
</testsuite> <!-- com.bhiawpkg.Tests.ExpiredExternalWPRTest -->
