<?xml version="1.0" encoding="UTF-8"?>
<!-- Generated by org.testng.reporters.JUnitReportReporter -->
<testsuite hostname="LAPTOP-477EAM08" failures="0" tests="1" name="com.bhiawpkg.Tests.NewTest" time="0.005" errors="0" timestamp="15 May 2023 12:25:22 GMT" skipped="0">
  <testcase classname="com.bhiawpkg.Tests.NewTest" name="f" time="0.005"/>
</testsuite> <!-- com.bhiawpkg.Tests.NewTest -->
