<?xml version="1.0" encoding="UTF-8"?>
<!-- Generated by org.testng.reporters.JUnitReportReporter -->
<testsuite hostname="LAPTOP-477EAM08" failures="0" tests="1" name="com.bhiawpkg.Tests.ItemEstimationTest" time="8.790" errors="0" timestamp="26 Jun 2023 08:42:40 GMT" skipped="0">
  <testcase classname="com.bhiawpkg.Tests.ItemEstimationTest" name="ItemEstimation" time="8.790"/>
</testsuite> <!-- com.bhiawpkg.Tests.ItemEstimationTest -->
