<?xml version="1.0" encoding="UTF-8"?>
<!-- Generated by org.testng.reporters.JUnitReportReporter -->
<testsuite hostname="LAPTOP-477EAM08" failures="0" tests="3" name="com.bhiawpkg.Tests.UserEditDelete" time="189.173" errors="0" timestamp="15 Nov 2022 04:28:22 GMT" skipped="0">
  <testcase classname="com.bhiawpkg.Tests.UserEditDelete" name="EditExternalToInternal" time="96.347"/>
  <testcase classname="com.bhiawpkg.Tests.UserEditDelete" name="UserInternalorExternalDelete" time="37.484"/>
  <testcase classname="com.bhiawpkg.Tests.UserEditDelete" name="EditInternalToExternal" time="55.342"/>
</testsuite> <!-- com.bhiawpkg.Tests.UserEditDelete -->
