<?xml version="1.0" encoding="UTF-8"?>
<!-- Generated by org.testng.reporters.JUnitReportReporter -->
<testsuite hostname="LAPTOP-477EAM08" failures="0" tests="1" name="com.bhiawpkg.Tests.ItemconsumptionRequest" time="266.169" errors="0" timestamp="09 Jan 2023 12:10:03 GMT" skipped="0">
  <testcase classname="com.bhiawpkg.Tests.ItemconsumptionRequest" name="ItemconsumptionApproval" time="266.169"/>
</testsuite> <!-- com.bhiawpkg.Tests.ItemconsumptionRequest -->
