<?xml version="1.0" encoding="UTF-8"?>
<!-- Generated by org.testng.reporters.JUnitReportReporter -->
<testsuite hostname="LAPTOP-477EAM08" failures="0" tests="3" name="com.bhiawpkg.Tests.TaskStatusDateAssigne_changes" time="177.666" errors="0" timestamp="15 Nov 2022 04:28:22 GMT" skipped="0">
  <testcase classname="com.bhiawpkg.Tests.TaskStatusDateAssigne_changes" name="Assignedtask_changeassignee" time="49.056"/>
  <testcase classname="com.bhiawpkg.Tests.TaskStatusDateAssigne_changes" name="Assignedtask_Changestatus" time="83.636"/>
  <testcase classname="com.bhiawpkg.Tests.TaskStatusDateAssigne_changes" name="Assignedtask_Dateextentionchange" time="44.974"/>
</testsuite> <!-- com.bhiawpkg.Tests.TaskStatusDateAssigne_changes -->
