<?xml version="1.0" encoding="UTF-8"?>
<!-- Generated by org.testng.reporters.JUnitReportReporter -->
<testsuite hostname="LAPTOP-477EAM08" failures="0" tests="2" name="com.bhiawpkg.Tests.MytaskTest" time="136.233" errors="0" timestamp="15 Nov 2022 04:28:22 GMT" skipped="0">
  <testcase classname="com.bhiawpkg.Tests.MytaskTest" name="MytaskFilter" time="63.738"/>
  <testcase classname="com.bhiawpkg.Tests.MytaskTest" name="GetCompletedtask" time="72.495"/>
</testsuite> <!-- com.bhiawpkg.Tests.MytaskTest -->
