<?xml version="1.0" encoding="UTF-8"?>
<!-- Generated by org.testng.reporters.JUnitReportReporter -->
<testsuite hostname="LAPTOP-477EAM08" failures="0" tests="1" name="com.bhiawpkg.Tests.AssignedTaskTest2" time="41.172" errors="0" timestamp="12 Sep 2021 11:14:04 GMT" skipped="0">
  <testcase classname="com.bhiawpkg.Tests.AssignedTaskTest2" name="AssignedTask" time="41.172"/>
</testsuite> <!-- com.bhiawpkg.Tests.AssignedTaskTest2 -->
