<?xml version="1.0" encoding="UTF-8"?>
<!-- Generated by org.testng.reporters.JUnitReportReporter -->
<testsuite hostname="LAPTOP-477EAM08" failures="0" tests="5" name="com.bhiawpkg.Tests.AssignedTaskFilterTest" time="307.590" errors="0" timestamp="15 Nov 2022 04:28:22 GMT" skipped="0">
  <testcase classname="com.bhiawpkg.Tests.AssignedTaskFilterTest" name="Subtaskfilter" time="48.080"/>
  <testcase classname="com.bhiawpkg.Tests.AssignedTaskFilterTest" name="AssignedTaskFilterTest_HideExpiredTask" time="36.509"/>
  <testcase classname="com.bhiawpkg.Tests.AssignedTaskFilterTest" name="AssignedTaskFilterTest_ExpiredTask" time="104.610"/>
  <testcase classname="com.bhiawpkg.Tests.AssignedTaskFilterTest" name="Maintaskfilter" time="37.541"/>
  <testcase classname="com.bhiawpkg.Tests.AssignedTaskFilterTest" name="AssignedTaskFilterTest_CompletedTask" time="80.850"/>
</testsuite> <!-- com.bhiawpkg.Tests.AssignedTaskFilterTest -->
