<?xml version="1.0" encoding="UTF-8"?>
<!-- Generated by org.testng.reporters.JUnitReportReporter -->
<testsuite hostname="LAPTOP-477EAM08" failures="0" tests="2" name="com.bhiawpkg.Tests.AllWorkProgressfilterTest" time="121.984" errors="0" timestamp="15 Nov 2022 04:28:22 GMT" skipped="0">
  <testcase classname="com.bhiawpkg.Tests.AllWorkProgressfilterTest" name="ClearWorkProgressFilter" time="42.245"/>
  <testcase classname="com.bhiawpkg.Tests.AllWorkProgressfilterTest" name="AllWorkProgressFilter" time="79.739"/>
</testsuite> <!-- com.bhiawpkg.Tests.AllWorkProgressfilterTest -->
