<?xml version="1.0" encoding="UTF-8"?>
<!-- Generated by org.testng.reporters.JUnitReportReporter -->
<testsuite hostname="LAPTOP-477EAM08" failures="0" tests="1" name="com.bhiawpkg.Tests.AssignedTaskTest" time="132.182" errors="0" timestamp="30 May 2023 11:18:46 GMT" skipped="0">
  <testcase classname="com.bhiawpkg.Tests.AssignedTaskTest" name="AssignedTask" time="132.182"/>
</testsuite> <!-- com.bhiawpkg.Tests.AssignedTaskTest -->
