<?xml version="1.0" encoding="UTF-8"?>
<!-- Generated by org.testng.reporters.JUnitReportReporter -->
<testsuite hostname="LAPTOP-477EAM08" failures="0" tests="2" name="com.bhiawpkg.Tests.LAbourDetailsAdd_Edit" time="127.327" errors="0" timestamp="15 Nov 2022 04:28:22 GMT" skipped="0">
  <testcase classname="com.bhiawpkg.Tests.LAbourDetailsAdd_Edit" name="DailyLaborDetails_Add" time="71.652"/>
  <testcase classname="com.bhiawpkg.Tests.LAbourDetailsAdd_Edit" name="DailyLaborDetails_Edit" time="55.675"/>
</testsuite> <!-- com.bhiawpkg.Tests.LAbourDetailsAdd_Edit -->
