<?xml version="1.0" encoding="UTF-8"?>
<!-- Generated by org.testng.reporters.JUnitReportReporter -->
<testsuite hostname="LAPTOP-477EAM08" failures="0" tests="2" name="com.bhiawpkg.Tests.ProjectCreationTest_Clone" time="188.881" errors="0" timestamp="22 Dec 2021 10:03:07 GMT" skipped="0">
  <testcase classname="com.bhiawpkg.Tests.ProjectCreationTest_Clone" name="ProjectCreation_cloneEdit" time="50.733"/>
  <testcase classname="com.bhiawpkg.Tests.ProjectCreationTest_Clone" name="ProjectCreation_clone" time="138.148"/>
</testsuite> <!-- com.bhiawpkg.Tests.ProjectCreationTest_Clone -->
