<?xml version="1.0" encoding="UTF-8"?>
<!-- Generated by org.testng.reporters.JUnitReportReporter -->
<testsuite hostname="LAPTOP-477EAM08" failures="0" tests="1" name="com.bhiawpkg.Tests.ExpiredInternalTaskTest" time="40.366" errors="0" timestamp="12 Jun 2023 08:14:37 GMT" skipped="0">
  <testcase classname="com.bhiawpkg.Tests.ExpiredInternalTaskTest" name="ExpiredTask_AddTimeEntry" time="40.366"/>
</testsuite> <!-- com.bhiawpkg.Tests.ExpiredInternalTaskTest -->
