<?xml version="1.0" encoding="UTF-8"?>
<!-- Generated by org.testng.reporters.JUnitReportReporter -->
<testsuite hostname="LAPTOP-477EAM08" failures="0" tests="2" name="com.bhidbpkg.test.DatabaseTestingDemo" time="0.008" errors="0" timestamp="28 Jun 2022 10:18:39 GMT" skipped="0">
  <testcase classname="com.bhidbpkg.test.DatabaseTestingDemo" name="getdbvalue" time="0.001"/>
  <testcase classname="com.bhidbpkg.test.DatabaseTestingDemo" name="getdbvalue" time="0.007"/>
</testsuite> <!-- com.bhidbpkg.test.DatabaseTestingDemo -->
