<?xml version="1.0" encoding="UTF-8"?>
<!-- Generated by org.testng.reporters.JUnitReportReporter -->
<testsuite hostname="LAPTOP-477EAM08" failures="0" tests="1" name="com.bhiawpkg.Tests.ServiceReportTest" time="110.752" errors="0" timestamp="15 Nov 2022 04:28:22 GMT" skipped="0">
  <testcase classname="com.bhiawpkg.Tests.ServiceReportTest" name="ServiceReport" time="110.752"/>
</testsuite> <!-- com.bhiawpkg.Tests.ServiceReportTest -->
