<?xml version="1.0" encoding="UTF-8"?>
<!-- Generated by org.testng.reporters.JUnitReportReporter -->
<testsuite hostname="LAPTOP-477EAM08" failures="0" tests="1" name="com.bhidbpkg.test.Tesr_DBProjectDetailValidation" time="20.267" errors="0" timestamp="08 Nov 2021 09:32:23 GMT" skipped="0">
  <testcase classname="com.bhidbpkg.test.Tesr_DBProjectDetailValidation" name="webTableVerify" time="20.267"/>
</testsuite> <!-- com.bhidbpkg.test.Tesr_DBProjectDetailValidation -->
