<?xml version="1.0" encoding="UTF-8"?>
<!-- Generated by org.testng.reporters.JUnitReportReporter -->
<testsuite hostname="LAPTOP-477EAM08" failures="0" tests="1" name="com.bhiawpkg.Tests.MenupermissionTest" time="84.297" errors="0" timestamp="09 Dec 2021 08:00:44 GMT" skipped="0">
  <testcase classname="com.bhiawpkg.Tests.MenupermissionTest" name="Setpermission" time="84.297"/>
</testsuite> <!-- com.bhiawpkg.Tests.MenupermissionTest -->
