<?xml version="1.0" encoding="UTF-8"?>
<!-- Generated by org.testng.reporters.JUnitReportReporter -->
<testsuite hostname="LAPTOP-477EAM08" failures="0" tests="1" name="com.bhiawpkg.Tests.MaterialRequisitionTest" time="64.545" errors="0" timestamp="17 Jan 2023 11:50:21 GMT" skipped="0">
  <testcase classname="com.bhiawpkg.Tests.MaterialRequisitionTest" name="MaterialRequisition" time="64.545"/>
</testsuite> <!-- com.bhiawpkg.Tests.MaterialRequisitionTest -->
