<?xml version="1.0" encoding="UTF-8"?>
<!-- Generated by org.testng.reporters.JUnitReportReporter -->
<testsuite hostname="LAPTOP-477EAM08" failures="0" tests="1" name="com.bhiawpkg.Tests.HomeTest" time="6.519" errors="0" timestamp="01 Sep 2021 08:35:33 GMT" skipped="0">
  <testcase classname="com.bhiawpkg.Tests.HomeTest" name="Home" time="6.519"/>
</testsuite> <!-- com.bhiawpkg.Tests.HomeTest -->
