<?xml version="1.0" encoding="UTF-8"?>
<!-- Generated by org.testng.reporters.JUnitReportReporter -->
<testsuite hostname="LAPTOP-477EAM08" failures="0" tests="1" name="com.bhiawpkg.Tests.AddTask_InternalTest" time="50.488" errors="0" timestamp="30 May 2023 11:04:59 GMT" skipped="0">
  <testcase classname="com.bhiawpkg.Tests.AddTask_InternalTest" name="AssignedTask_internal" time="50.488"/>
</testsuite> <!-- com.bhiawpkg.Tests.AddTask_InternalTest -->
