<?xml version="1.0" encoding="UTF-8"?>
<!-- Generated by org.testng.reporters.JUnitReportReporter -->
<testsuite hostname="LAPTOP-477EAM08" failures="0" tests="4" name="com.bhiawpkg.Tests.NewMeetingTest" time="344.296" errors="0" timestamp="15 Nov 2022 04:28:22 GMT" skipped="0">
  <testcase classname="com.bhiawpkg.Tests.NewMeetingTest" name="Edit_Meeting" time="92.058"/>
  <testcase classname="com.bhiawpkg.Tests.NewMeetingTest" name="MinutesOf_Meetingaddtask" time="86.399"/>
  <testcase classname="com.bhiawpkg.Tests.NewMeetingTest" name="CreateNewmeeting" time="117.720"/>
  <testcase classname="com.bhiawpkg.Tests.NewMeetingTest" name="MinutesOf_MeetingApproval" time="48.119"/>
</testsuite> <!-- com.bhiawpkg.Tests.NewMeetingTest -->
