<?xml version="1.0" encoding="UTF-8"?>
<!-- Generated by org.testng.reporters.JUnitReportReporter -->
<testsuite hostname="LAPTOP-477EAM08" failures="0" tests="1" name="com.bhiawpkg.Tests.SampleTest" time="4.866" errors="0" timestamp="03 Oct 2021 10:07:23 GMT" skipped="0">
  <testcase classname="com.bhiawpkg.Tests.SampleTest" name="Test" time="4.866"/>
</testsuite> <!-- com.bhiawpkg.Tests.SampleTest -->
