<?xml version="1.0" encoding="UTF-8"?>
<!-- Generated by org.testng.reporters.JUnitReportReporter -->
<testsuite hostname="LAPTOP-477EAM08" failures="0" tests="2" name="com.gridtest.LoginTeston_grid" time="31.760" errors="0" timestamp="05 Nov 2021 14:09:21 GMT" skipped="0">
  <testcase classname="com.gridtest.LoginTeston_grid" name="setup" time="1.741"/>
  <testcase classname="com.gridtest.LoginTeston_grid" name="Login" time="30.019"/>
</testsuite> <!-- com.gridtest.LoginTeston_grid -->
