<?xml version="1.0" encoding="UTF-8"?>
<!-- Generated by org.testng.reporters.JUnitReportReporter -->
<testsuite hostname="LAPTOP-477EAM08" failures="0" tests="1" name="com.bhiawpkg.Tests.ProjectMapping" time="9.040" errors="0" timestamp="26 Jun 2023 08:42:40 GMT" skipped="0">
  <testcase classname="com.bhiawpkg.Tests.ProjectMapping" name="Projectmapping" time="9.040"/>
</testsuite> <!-- com.bhiawpkg.Tests.ProjectMapping -->
