<?xml version="1.0" encoding="UTF-8"?>
<!-- Generated by org.testng.reporters.JUnitReportReporter -->
<testsuite hostname="LAPTOP-477EAM08" failures="0" tests="1" name="com.bhiawpkg.Tests.ItemEstimationTest" time="72.059" errors="0" timestamp="17 Apr 2023 07:16:11 GMT" skipped="0">
  <testcase classname="com.bhiawpkg.Tests.ItemEstimationTest" name="ItemEstimation" time="72.059"/>
</testsuite> <!-- com.bhiawpkg.Tests.ItemEstimationTest -->
