<?xml version="1.0" encoding="UTF-8"?>
<!-- Generated by org.testng.reporters.JUnitReportReporter -->
<testsuite hostname="LAPTOP-477EAM08" failures="0" tests="1" name="com.bhiawpkg.Tests.ProjectMasterScedule" time="16.345" errors="0" timestamp="13 Oct 2021 12:26:04 GMT" skipped="0">
  <testcase classname="com.bhiawpkg.Tests.ProjectMasterScedule" name="Masterschedule_Project" time="16.345"/>
</testsuite> <!-- com.bhiawpkg.Tests.ProjectMasterScedule -->
