<?xml version="1.0" encoding="UTF-8"?>
<!-- Generated by org.testng.reporters.JUnitReportReporter -->
<testsuite hostname="LAPTOP-477EAM08" failures="0" tests="1" name="com.bhidbpkg.test.LoginTest" time="0.008" errors="0" timestamp="28 Oct 2021 06:41:35 GMT" skipped="0">
  <testcase classname="com.bhidbpkg.test.LoginTest" name="Login" time="0.008"/>
</testsuite> <!-- com.bhidbpkg.test.LoginTest -->
