<?xml version="1.0" encoding="UTF-8"?>
<!-- Generated by org.testng.reporters.JUnitReportReporter -->
<testsuite hostname="LAPTOP-477EAM08" failures="0" tests="1" name="com.bhiawpkg.Tests.NewTestDD" time="532.188" errors="0" timestamp="17 Apr 2023 05:14:36 GMT" skipped="0">
  <testcase classname="com.bhiawpkg.Tests.NewTestDD" name="ProjectCreation" time="532.188"/>
</testsuite> <!-- com.bhiawpkg.Tests.NewTestDD -->
