<?xml version="1.0" encoding="UTF-8"?>
<!-- Generated by org.testng.reporters.JUnitReportReporter -->
<testsuite hostname="LAPTOP-477EAM08" failures="0" tests="1" name="com.bhiawpkg.Tests.ExpiredInternalTaskTest" time="43.779" errors="0" timestamp="10 Jul 2023 07:29:49 GMT" skipped="0">
  <testcase classname="com.bhiawpkg.Tests.ExpiredInternalTaskTest" name="ExpiredTask_AddTimeEntry" time="43.779"/>
</testsuite> <!-- com.bhiawpkg.Tests.ExpiredInternalTaskTest -->
