<?xml version="1.0" encoding="UTF-8"?>
<!-- Generated by org.testng.reporters.JUnitReportReporter -->
<testsuite hostname="LAPTOP-477EAM08" failures="0" tests="2" name="com.bhiawpkg.Tests.Manageaccessidtest" time="118.703" errors="0" timestamp="15 Nov 2022 04:28:22 GMT" skipped="0">
  <testcase classname="com.bhiawpkg.Tests.Manageaccessidtest" name="EditAccessId" time="76.003"/>
  <testcase classname="com.bhiawpkg.Tests.Manageaccessidtest" name="AddNewAccessId" time="42.700"/>
</testsuite> <!-- com.bhiawpkg.Tests.Manageaccessidtest -->
