<?xml version="1.0" encoding="UTF-8"?>
<!-- Generated by org.testng.reporters.JUnitReportReporter -->
<testsuite hostname="LAPTOP-477EAM08" failures="0" tests="1" name="com.bhiawpkg.Tests.ExpiredExternalWPRTest" time="55.575" errors="0" timestamp="20 Jun 2023 05:07:36 GMT" skipped="0">
  <testcase classname="com.bhiawpkg.Tests.ExpiredExternalWPRTest" name="ExpiredTask_AddDailyworkprogress" time="55.575"/>
</testsuite> <!-- com.bhiawpkg.Tests.ExpiredExternalWPRTest -->
