<?xml version="1.0" encoding="UTF-8"?>
<!-- Generated by org.testng.reporters.JUnitReportReporter -->
<testsuite hostname="LAPTOP-477EAM08" failures="0" tests="1" name="com.bhiawpkg.Tests.DeleteAssignedTaskTest" time="60.637" errors="0" timestamp="10 Jun 2023 10:09:45 GMT" skipped="0">
  <testcase classname="com.bhiawpkg.Tests.DeleteAssignedTaskTest" name="DeleteAssignedTask" time="60.637"/>
</testsuite> <!-- com.bhiawpkg.Tests.DeleteAssignedTaskTest -->
