<?xml version="1.0" encoding="UTF-8"?>
<!-- Generated by org.testng.reporters.JUnitReportReporter -->
<testsuite hostname="LAPTOP-477EAM08" failures="0" tests="1" name="com.bhiawpkg.Tests.ExpiredInternalTaskTest" time="38.306" errors="0" timestamp="20 Jun 2023 05:07:36 GMT" skipped="0">
  <testcase classname="com.bhiawpkg.Tests.ExpiredInternalTaskTest" name="ExpiredTask_AddTimeEntry" time="38.306"/>
</testsuite> <!-- com.bhiawpkg.Tests.ExpiredInternalTaskTest -->
